<?xml version="1.0" encoding="UTF-8"?>
<!-- Generated by org.testng.reporters.JUnitReportReporter -->
<testsuite hostname="DESKTOP-G961RKF" failures="0" tests="1" name="tutoring.session.AlertWithInput" time="19.530" errors="0" timestamp="2024-02-13T13:51:28 CST" skipped="0">
  <testcase classname="tutoring.session.AlertWithInput" name="f" time="19.530"/>
  <system-out/>
</testsuite> <!-- tutoring.session.AlertWithInput -->
