<?xml version="1.0" encoding="UTF-8"?>
<!-- Generated by org.testng.reporters.JUnitReportReporter -->
<testsuite hostname="DESKTOP-G961RKF" failures="0" tests="1" name="todoor.practice.selenium.BuyRealMadridJersey" time="38.300" errors="0" timestamp="2024-02-15T19:31:45 CST" skipped="0">
  <testcase classname="todoor.practice.selenium.BuyRealMadridJersey" name="addRealMadrid" time="38.300"/>
  <system-out/>
</testsuite> <!-- todoor.practice.selenium.BuyRealMadridJersey -->
