<?xml version="1.0" encoding="UTF-8"?>
<!-- Generated by org.testng.reporters.JUnitReportReporter -->
<testsuite hostname="DESKTOP-G961RKF" failures="0" tests="4" name="com.noorteck.testnglecture.GroupingTest" time="0.023" errors="0" timestamp="2024-02-06T17:35:12 CST" skipped="0">
  <testcase classname="com.noorteck.testnglecture.GroupingTest" name="tesla" time="0.003"/>
  <system-out/>
  <testcase classname="com.noorteck.testnglecture.GroupingTest" name="honda" time="0.002"/>
  <system-out/>
  <testcase classname="com.noorteck.testnglecture.GroupingTest" name="benz" time="0.015"/>
  <system-out/>
  <testcase classname="com.noorteck.testnglecture.GroupingTest" name="soccer" time="0.003"/>
  <system-out/>
</testsuite> <!-- com.noorteck.testnglecture.GroupingTest -->
