<?xml version="1.0" encoding="UTF-8"?>
<!-- Generated by org.testng.reporters.JUnitReportReporter -->
<testsuite hostname="DESKTOP-G961RKF" failures="0" tests="1" name="com.noorteck.testnglecture.ParameterTest" time="0.020" errors="0" timestamp="2024-02-02T20:15:02 CST" skipped="0">
  <testcase classname="com.noorteck.testnglecture.ParameterTest" name="f" time="0.020"/>
  <system-out/>
</testsuite> <!-- com.noorteck.testnglecture.ParameterTest -->
