<?xml version="1.0" encoding="UTF-8"?>
<!-- Generated by org.testng.reporters.JUnitReportReporter -->
<testsuite hostname="DESKTOP-G961RKF" failures="0" tests="5" name="com.noorteck.testnglecture.FruitTest" time="0.098" errors="0" timestamp="2024-02-02T20:15:24 CST" skipped="0">
  <testcase classname="com.noorteck.testnglecture.FruitTest" name="orange" time="0.024"/>
  <system-out/>
  <testcase classname="com.noorteck.testnglecture.FruitTest" name="mango" time="0.020"/>
  <system-out/>
  <testcase classname="com.noorteck.testnglecture.FruitTest" name="grape" time="0.011"/>
  <system-out/>
  <testcase classname="com.noorteck.testnglecture.FruitTest" name="banana" time="0.035"/>
  <system-out/>
  <testcase classname="com.noorteck.testnglecture.FruitTest" name="apple" time="0.008"/>
  <system-out/>
</testsuite> <!-- com.noorteck.testnglecture.FruitTest -->
